2020-06-22 08:58:18,700 ERROR 18060 [-/127.0.0.1/-/5ms POST /v1/saveUser] nodejs.CastError: Cast to ObjectId failed for value "" at path "_id" for model "User"
    at model.Query.exec (F:\项目练习\shoppingmall\server\node_modules\_mongoose@5.9.19@mongoose\lib\query.js:4351:21)
    at model.Query.Query.then (F:\项目练习\shoppingmall\server\node_modules\_mongoose@5.9.19@mongoose\lib\query.js:4443:15)
    at runMicrotasks (<anonymous>)
    at processTicksAndRejections (internal/process/task_queues.js:93:5)
messageFormat: undefined
stringValue: "\"\""
kind: "ObjectId"
value: ""
path: "_id"
reason: {}
pid: 18060
hostname: DESKTOP-45EGDJV

2020-06-22 09:06:29,750 ERROR 18060 [-/127.0.0.1/-/3ms POST /v1/saveUser] nodejs.CastError: Cast to ObjectId failed for value "" at path "_id" for model "User"
    at model.Query.exec (F:\项目练习\shoppingmall\server\node_modules\_mongoose@5.9.19@mongoose\lib\query.js:4351:21)
    at model.Query.Query.then (F:\项目练习\shoppingmall\server\node_modules\_mongoose@5.9.19@mongoose\lib\query.js:4443:15)
    at runMicrotasks (<anonymous>)
    at processTicksAndRejections (internal/process/task_queues.js:93:5)
messageFormat: undefined
stringValue: "\"\""
kind: "ObjectId"
value: ""
path: "_id"
reason: {}
pid: 18060
hostname: DESKTOP-45EGDJV

2020-06-22 09:06:36,961 ERROR 18060 [-/127.0.0.1/-/2ms POST /v1/saveUser] nodejs.CastError: Cast to ObjectId failed for value "" at path "_id" for model "User"
    at model.Query.exec (F:\项目练习\shoppingmall\server\node_modules\_mongoose@5.9.19@mongoose\lib\query.js:4351:21)
    at model.Query.Query.then (F:\项目练习\shoppingmall\server\node_modules\_mongoose@5.9.19@mongoose\lib\query.js:4443:15)
    at runMicrotasks (<anonymous>)
    at processTicksAndRejections (internal/process/task_queues.js:93:5)
messageFormat: undefined
stringValue: "\"\""
kind: "ObjectId"
value: ""
path: "_id"
reason: {}
pid: 18060
hostname: DESKTOP-45EGDJV

2020-06-22 09:09:34,191 ERROR 18060 [-/127.0.0.1/-/6ms POST /v1/saveUser] nodejs.CastError: Cast to ObjectId failed for value "" at path "_id" for model "User"
    at model.Query.exec (F:\项目练习\shoppingmall\server\node_modules\_mongoose@5.9.19@mongoose\lib\query.js:4351:21)
    at model.Query.Query.then (F:\项目练习\shoppingmall\server\node_modules\_mongoose@5.9.19@mongoose\lib\query.js:4443:15)
    at runMicrotasks (<anonymous>)
    at processTicksAndRejections (internal/process/task_queues.js:93:5)
messageFormat: undefined
stringValue: "\"\""
kind: "ObjectId"
value: ""
path: "_id"
reason: {}
pid: 18060
hostname: DESKTOP-45EGDJV

2020-06-23 13:43:00,486 ERROR 17264 [-/127.0.0.1/-/5ms POST /v1/deleteAddress] nodejs.CastError: Cast to ObjectId failed for value "6" at path "_id" for model "Address"
    at model.Query.exec (F:\项目练习\shoppingmall\server\node_modules\_mongoose@5.9.19@mongoose\lib\query.js:4351:21)
    at model.Query.Query.then (F:\项目练习\shoppingmall\server\node_modules\_mongoose@5.9.19@mongoose\lib\query.js:4443:15)
    at runMicrotasks (<anonymous>)
    at processTicksAndRejections (internal/process/task_queues.js:93:5)
messageFormat: undefined
stringValue: "\"6\""
kind: "ObjectId"
value: "6"
path: "_id"
reason: {}
pid: 17264
hostname: DESKTOP-45EGDJV

2020-06-23 18:09:52,034 ERROR 4844 [-/127.0.0.1/-/7ms POST /v1/deleteAddress] nodejs.CastError: Cast to ObjectId failed for value "{
  name: '',
  tel: '',
  country: '',
  province: '',
  city: '',
  county: '',
  areaCode: '',
  postalCode: '',
  addressDetail: '',
  isDefault: false
}" at path "_id" for model "Address"
  name: '',
  tel: '',
  country: '',
  province: '',
  city: '',
  county: '',
  areaCode: '',
  postalCode: '',
  addressDetail: '',
  isDefault: false
}" at path "_id" for model "Address"
    at model.Query.exec (F:\项目练习\shoppingmall\server\node_modules\_mongoose@5.9.19@mongoose\lib\query.js:4351:21)
    at model.Query.Query.then (F:\项目练习\shoppingmall\server\node_modules\_mongoose@5.9.19@mongoose\lib\query.js:4443:15)
    at processTicksAndRejections (internal/process/task_queues.js:93:5)
messageFormat: undefined
stringValue: "\"{\n  name: '',\n  tel: '',\n  country: '',\n  province: '',\n  city: '',\n  county: '',\n  areaCode: '',\n  postalCode: '',\n  addressDetail: '',\n  isDefault: false\n}\""
kind: "ObjectId"
value: {"name":"","tel":"","country":"","province":"","city":"","county":"","areaCode":"","postalCode":"","addressDetail":"","isDefault":false}
path: "_id"
reason: {}
pid: 4844
hostname: DESKTOP-45EGDJV

