2020-07-02 00:00:01,027 INFO 12536 [egg-logrotator] app logger reload: got log-reload message
2020-07-02 08:54:50,179 INFO 10344 [egg:logger] init all loggers with options: {"dir":"F:\\项目练习\\shoppingmall\\server\\logs\\server","encoding":"utf8","env":"local","level":"INFO","consoleLevel":"INFO","disableConsoleAfterReady":false,"outputJSON":false,"buffer":true,"appLogName":"server-web.log","coreLogName":"egg-web.log","agentLogName":"egg-agent.log","errorLogName":"common-error.log","coreLogger":{"consoleLevel":"WARN"},"allowDebugAtProd":false,"type":"application"}
2020-07-02 08:54:50,227 INFO 10344 [egg-multipart] stream mode enable
2020-07-02 08:54:53,501 INFO 10344 [egg-mongoose] connecting mongodb://127.0.0.1/shoppingMall
2020-07-02 08:54:55,939 INFO 10344 [egg-static] starting static serve /public/ -> F:\项目练习\shoppingmall\server\app\public
2020-07-02 08:54:55,944 INFO 10344 [egg-security] use methodnoallow middleware
2020-07-02 08:54:55,945 INFO 10344 [egg-security] use noopen middleware
2020-07-02 08:54:55,948 INFO 10344 [egg-security] use nosniff middleware
2020-07-02 08:54:55,950 INFO 10344 [egg-security] use xssProtection middleware
2020-07-02 08:54:55,951 INFO 10344 [egg-security] use xframe middleware
2020-07-02 08:54:55,953 INFO 10344 [egg-security] use dta middleware
2020-07-02 08:54:55,953 INFO 10344 [egg-security] compose 6 middlewares into one security middleware
2020-07-02 08:54:56,065 INFO 10344 [egg:core] dump config after load, 7ms
2020-07-02 08:54:56,071 INFO 10344 [egg-mongoose] starting...
2020-07-02 08:54:56,249 INFO 10344 [egg-mongoose] mongodb://127.0.0.1/shoppingMall connected successfully
2020-07-02 08:54:56,264 INFO 10344 [egg-mongoose] instance[0] start successfully
2020-07-02 08:54:56,269 INFO 10344 [egg-watcher:application] watcher start success
2020-07-02 08:54:56,294 INFO 10344 [egg:core] dump config after ready, 21ms
2020-07-03 08:51:28,098 INFO 8212 [egg:logger] init all loggers with options: {"dir":"F:\\项目练习\\shoppingmall\\server\\logs\\server","encoding":"utf8","env":"local","level":"INFO","consoleLevel":"INFO","disableConsoleAfterReady":false,"outputJSON":false,"buffer":true,"appLogName":"server-web.log","coreLogName":"egg-web.log","agentLogName":"egg-agent.log","errorLogName":"common-error.log","coreLogger":{"consoleLevel":"WARN"},"allowDebugAtProd":false,"type":"application"}
2020-07-03 08:51:28,142 INFO 8212 [egg-multipart] stream mode enable
2020-07-03 08:51:31,280 INFO 8212 [egg-mongoose] connecting mongodb://127.0.0.1/shoppingMall
2020-07-03 08:51:33,869 INFO 8212 [egg-static] starting static serve /public/ -> F:\项目练习\shoppingmall\server\app\public
2020-07-03 08:51:33,875 INFO 8212 [egg-security] use methodnoallow middleware
2020-07-03 08:51:33,876 INFO 8212 [egg-security] use noopen middleware
2020-07-03 08:51:33,879 INFO 8212 [egg-security] use nosniff middleware
2020-07-03 08:51:33,881 INFO 8212 [egg-security] use xssProtection middleware
2020-07-03 08:51:33,882 INFO 8212 [egg-security] use xframe middleware
2020-07-03 08:51:33,883 INFO 8212 [egg-security] use dta middleware
2020-07-03 08:51:33,883 INFO 8212 [egg-security] compose 6 middlewares into one security middleware
2020-07-03 08:51:33,996 INFO 8212 [egg:core] dump config after load, 8ms
2020-07-03 08:51:34,003 INFO 8212 [egg-mongoose] starting...
2020-07-03 08:51:34,184 INFO 8212 [egg-mongoose] mongodb://127.0.0.1/shoppingMall connected successfully
2020-07-03 08:51:34,192 INFO 8212 [egg-mongoose] instance[0] start successfully
2020-07-03 08:51:34,212 INFO 8212 [egg-watcher:application] watcher start success
2020-07-03 08:51:34,229 INFO 8212 [egg:core] dump config after ready, 11ms
